[00:01:24] [main/INFO] Registered plugin provider DefaultPlugin [roughlyenoughitems] for REIPlugin
[00:01:24] [main/INFO] Registered plugin provider DefaultRuntimePlugin [roughlyenoughitems] for REIPlugin
[00:01:24] [main/INFO] Registered plugin provider ConjuringCommonPlugin [conjuring] for REIPlugin
[00:01:24] [main/INFO] Registered plugin provider DefaultPlugin [roughlyenoughitems] for REIServerPlugin
[00:01:24] [main/INFO] Registered plugin provider DefaultRuntimePlugin [roughlyenoughitems] for REIServerPlugin
[00:01:24] [main/INFO] Registered plugin provider ConjuringCommonPlugin [conjuring] for REIServerPlugin
[00:01:24] [main/INFO] Registered plugin provider FabricFluidAPISupportPlugin for REIServerPlugin
[00:01:25] [main/INFO] Registered plugin provider FabricFluidAPISupportPlugin for REIPlugin
[00:01:33] [Worker-Main-14/DEBUG] [START] Reloading Section: "pre-register/"
[00:01:33] [Worker-Main-14/DEBUG] [START] Reloading Section: "pre-register/DefaultPlugin [roughlyenoughitems]/"
[00:01:33] [Worker-Main-14/DEBUG] [START] Reloading Section: "pre-register/DefaultPlugin [roughlyenoughitems]/" done in 666.9 μs
[00:01:33] [Worker-Main-14/DEBUG] [START] Reloading Section: "pre-register/FabricFluidAPISupportPlugin/"
[00:01:33] [Worker-Main-14/DEBUG] [START] Reloading Section: "pre-register/FabricFluidAPISupportPlugin/" done in 14.50 μs
[00:01:33] [Worker-Main-14/DEBUG] [START] Reloading Section: "pre-register/ConjuringCommonPlugin [conjuring]/"
[00:01:33] [Worker-Main-14/DEBUG] [START] Reloading Section: "pre-register/ConjuringCommonPlugin [conjuring]/" done in 9.000 μs
[00:01:33] [Worker-Main-14/DEBUG] [START] Reloading Section: "pre-register/DefaultRuntimePlugin [roughlyenoughitems]/"
[00:01:33] [Worker-Main-14/DEBUG] [START] Reloading Section: "pre-register/DefaultRuntimePlugin [roughlyenoughitems]/" done in 7.500 μs
[00:01:33] [Worker-Main-14/DEBUG] [START] Reloading Section: "pre-register/" done in 28.07 ms
[00:01:33] [Worker-Main-14/DEBUG] [START] Reloading Section: "pre-register/"
[00:01:33] [Worker-Main-14/DEBUG] [START] Reloading Section: "pre-register/DefaultPlugin [roughlyenoughitems]/"
[00:01:33] [Worker-Main-14/DEBUG] [START] Reloading Section: "pre-register/DefaultPlugin [roughlyenoughitems]/" done in 7.600 μs
[00:01:33] [Worker-Main-14/DEBUG] [START] Reloading Section: "pre-register/FabricFluidAPISupportPlugin/"
[00:01:33] [Worker-Main-14/DEBUG] [START] Reloading Section: "pre-register/FabricFluidAPISupportPlugin/" done in 11.30 μs
[00:01:33] [Worker-Main-14/DEBUG] [START] Reloading Section: "pre-register/ConjuringCommonPlugin [conjuring]/"
[00:01:33] [Worker-Main-14/DEBUG] [START] Reloading Section: "pre-register/ConjuringCommonPlugin [conjuring]/" done in 7.300 μs
[00:01:33] [Worker-Main-14/DEBUG] [START] Reloading Section: "pre-register/DefaultRuntimePlugin [roughlyenoughitems]/"
[00:01:33] [Worker-Main-14/DEBUG] [START] Reloading Section: "pre-register/DefaultRuntimePlugin [roughlyenoughitems]/" done in 6.900 μs
[00:01:33] [Worker-Main-14/DEBUG] [START] Reloading Section: "pre-register/" done in 581.9 μs
[00:01:33] [Worker-Main-14/DEBUG] [START] Reloading Section: "start-reload/"
[00:01:33] [Worker-Main-14/DEBUG] [START] Reloading Section: "start-reload/EntryTypeRegistryImpl/"
[00:01:33] [Worker-Main-14/DEBUG] [START] Reloading Section: "start-reload/EntryTypeRegistryImpl/" done in 355.0 μs
[00:01:33] [Worker-Main-14/DEBUG] [START] Reloading Section: "start-reload/EntrySettingsAdapterRegistryImpl/"
[00:01:33] [Worker-Main-14/DEBUG] [START] Reloading Section: "start-reload/EntrySettingsAdapterRegistryImpl/" done in 11.50 μs
[00:01:33] [Worker-Main-14/DEBUG] [START] Reloading Section: "start-reload/RecipeManagerContextImpl/"
[00:01:33] [Worker-Main-14/DEBUG] [START] Reloading Section: "start-reload/RecipeManagerContextImpl/" done in 6.700 μs
[00:01:33] [Worker-Main-14/DEBUG] [START] Reloading Section: "start-reload/ItemComparatorRegistryImpl/"
[00:01:33] [Worker-Main-14/DEBUG] [START] Reloading Section: "start-reload/ItemComparatorRegistryImpl/" done in 25.10 μs
[00:01:33] [Worker-Main-14/DEBUG] [START] Reloading Section: "start-reload/FluidComparatorRegistryImpl/"
[00:01:33] [Worker-Main-14/DEBUG] [START] Reloading Section: "start-reload/FluidComparatorRegistryImpl/" done in 9.700 μs
[00:01:33] [Worker-Main-14/DEBUG] [START] Reloading Section: "start-reload/DisplaySerializerRegistryImpl/"
[00:01:33] [Worker-Main-14/DEBUG] [START] Reloading Section: "start-reload/DisplaySerializerRegistryImpl/" done in 7.500 μs
[00:01:33] [Worker-Main-14/DEBUG] [START] Reloading Section: "start-reload/FluidSupportProviderImpl/"
[00:01:33] [Worker-Main-14/DEBUG] [START] Reloading Section: "start-reload/FluidSupportProviderImpl/" done in 20.80 μs
[00:01:33] [Worker-Main-14/DEBUG] [START] Reloading Section: "start-reload/" done in 1.639 ms
[00:01:33] [Worker-Main-14/INFO] Reloading Plugin Manager [REIPlugin] stage [START], registered 4 plugins: DefaultRuntimePlugin [roughlyenoughitems], ConjuringCommonPlugin [conjuring], FabricFluidAPISupportPlugin, DefaultPlugin [roughlyenoughitems]
[00:01:33] [Worker-Main-14/DEBUG] [START] Reloading Section: "reloadable-plugin/EntryTypeRegistryImpl/"
[00:01:33] [Worker-Main-14/DEBUG] [START] Reloading Section: "reloadable-plugin/EntryTypeRegistryImpl/DefaultPlugin [roughlyenoughitems]/"
[00:01:33] [Worker-Main-14/DEBUG] [START] Reloading Section: "reloadable-plugin/EntryTypeRegistryImpl/DefaultPlugin [roughlyenoughitems]/" done in 46.20 μs
[00:01:33] [Worker-Main-14/DEBUG] [START] Reloading Section: "reloadable-plugin/EntryTypeRegistryImpl/FabricFluidAPISupportPlugin/"
[00:01:33] [Worker-Main-14/DEBUG] [START] Reloading Section: "reloadable-plugin/EntryTypeRegistryImpl/FabricFluidAPISupportPlugin/" done in 13.60 μs
[00:01:33] [Worker-Main-14/DEBUG] [START] Reloading Section: "reloadable-plugin/EntryTypeRegistryImpl/ConjuringCommonPlugin [conjuring]/"
[00:01:33] [Worker-Main-14/DEBUG] [START] Reloading Section: "reloadable-plugin/EntryTypeRegistryImpl/ConjuringCommonPlugin [conjuring]/" done in 9.800 μs
[00:01:33] [Worker-Main-14/DEBUG] [START] Reloading Section: "reloadable-plugin/EntryTypeRegistryImpl/DefaultRuntimePlugin [roughlyenoughitems]/"
[00:01:33] [Worker-Main-14/DEBUG] [START] Reloading Section: "reloadable-plugin/EntryTypeRegistryImpl/DefaultRuntimePlugin [roughlyenoughitems]/" done in 9.931 ms
[00:01:33] [Worker-Main-14/DEBUG] [START] Reloading Section: "reloadable-plugin/EntryTypeRegistryImpl/" done in 11.38 ms
[00:01:33] [Worker-Main-14/DEBUG] [START] Reloading Section: "reloadable-plugin/EntrySettingsAdapterRegistryImpl/"
[00:01:33] [Worker-Main-14/DEBUG] [START] Reloading Section: "reloadable-plugin/EntrySettingsAdapterRegistryImpl/DefaultPlugin [roughlyenoughitems]/"
[00:01:33] [Worker-Main-14/DEBUG] [START] Reloading Section: "reloadable-plugin/EntrySettingsAdapterRegistryImpl/DefaultPlugin [roughlyenoughitems]/" done in 11.90 μs
[00:01:33] [Worker-Main-14/DEBUG] [START] Reloading Section: "reloadable-plugin/EntrySettingsAdapterRegistryImpl/FabricFluidAPISupportPlugin/"
[00:01:33] [Worker-Main-14/DEBUG] [START] Reloading Section: "reloadable-plugin/EntrySettingsAdapterRegistryImpl/FabricFluidAPISupportPlugin/" done in 10.20 μs
[00:01:33] [Worker-Main-14/DEBUG] [START] Reloading Section: "reloadable-plugin/EntrySettingsAdapterRegistryImpl/ConjuringCommonPlugin [conjuring]/"
[00:01:33] [Worker-Main-14/DEBUG] [START] Reloading Section: "reloadable-plugin/EntrySettingsAdapterRegistryImpl/ConjuringCommonPlugin [conjuring]/" done in 7.000 μs
[00:01:33] [Worker-Main-14/DEBUG] [START] Reloading Section: "reloadable-plugin/EntrySettingsAdapterRegistryImpl/DefaultRuntimePlugin [roughlyenoughitems]/"
[00:01:33] [Worker-Main-14/DEBUG] [START] Reloading Section: "reloadable-plugin/EntrySettingsAdapterRegistryImpl/DefaultRuntimePlugin [roughlyenoughitems]/" done in 7.500 μs
[00:01:33] [Worker-Main-14/DEBUG] [START] Reloading Section: "reloadable-plugin/EntrySettingsAdapterRegistryImpl/" done in 618.0 μs
[00:01:33] [Worker-Main-14/DEBUG] [START] Reloading Section: "reloadable-plugin/RecipeManagerContextImpl/"
[00:01:33] [Worker-Main-14/DEBUG] [START] Reloading Section: "reloadable-plugin/RecipeManagerContextImpl/DefaultPlugin [roughlyenoughitems]/"
[00:01:33] [Worker-Main-14/DEBUG] [START] Reloading Section: "reloadable-plugin/RecipeManagerContextImpl/DefaultPlugin [roughlyenoughitems]/" done in 7.500 μs
[00:01:33] [Worker-Main-14/DEBUG] [START] Reloading Section: "reloadable-plugin/RecipeManagerContextImpl/FabricFluidAPISupportPlugin/"
[00:01:33] [Worker-Main-14/DEBUG] [START] Reloading Section: "reloadable-plugin/RecipeManagerContextImpl/FabricFluidAPISupportPlugin/" done in 7.600 μs
[00:01:33] [Worker-Main-14/DEBUG] [START] Reloading Section: "reloadable-plugin/RecipeManagerContextImpl/ConjuringCommonPlugin [conjuring]/"
[00:01:33] [Worker-Main-14/DEBUG] [START] Reloading Section: "reloadable-plugin/RecipeManagerContextImpl/ConjuringCommonPlugin [conjuring]/" done in 7.400 μs
[00:01:33] [Worker-Main-14/DEBUG] [START] Reloading Section: "reloadable-plugin/RecipeManagerContextImpl/DefaultRuntimePlugin [roughlyenoughitems]/"
[00:01:33] [Worker-Main-14/DEBUG] [START] Reloading Section: "reloadable-plugin/RecipeManagerContextImpl/DefaultRuntimePlugin [roughlyenoughitems]/" done in 9.600 μs
[00:01:33] [Worker-Main-14/DEBUG] [START] Reloading Section: "reloadable-plugin/RecipeManagerContextImpl/" done in 616.4 μs
[00:01:33] [Worker-Main-14/DEBUG] [START] Reloading Section: "reloadable-plugin/ItemComparatorRegistryImpl/"
[00:01:33] [Worker-Main-14/DEBUG] [START] Reloading Section: "reloadable-plugin/ItemComparatorRegistryImpl/DefaultPlugin [roughlyenoughitems]/"
[00:01:33] [Worker-Main-14/DEBUG] [START] Reloading Section: "reloadable-plugin/ItemComparatorRegistryImpl/DefaultPlugin [roughlyenoughitems]/" done in 816.9 μs
[00:01:33] [Worker-Main-14/DEBUG] [START] Reloading Section: "reloadable-plugin/ItemComparatorRegistryImpl/FabricFluidAPISupportPlugin/"
[00:01:33] [Worker-Main-14/DEBUG] [START] Reloading Section: "reloadable-plugin/ItemComparatorRegistryImpl/FabricFluidAPISupportPlugin/" done in 15.10 μs
[00:01:33] [Worker-Main-14/DEBUG] [START] Reloading Section: "reloadable-plugin/ItemComparatorRegistryImpl/ConjuringCommonPlugin [conjuring]/"
[00:01:33] [Worker-Main-14/DEBUG] [START] Reloading Section: "reloadable-plugin/ItemComparatorRegistryImpl/ConjuringCommonPlugin [conjuring]/" done in 7.200 μs
[00:01:33] [Worker-Main-14/DEBUG] [START] Reloading Section: "reloadable-plugin/ItemComparatorRegistryImpl/DefaultRuntimePlugin [roughlyenoughitems]/"
[00:01:33] [Worker-Main-14/DEBUG] [START] Reloading Section: "reloadable-plugin/ItemComparatorRegistryImpl/DefaultRuntimePlugin [roughlyenoughitems]/" done in 6.700 μs
[00:01:33] [Worker-Main-14/DEBUG] [START] Reloading Section: "reloadable-plugin/ItemComparatorRegistryImpl/" done in 1.465 ms
[00:01:33] [Worker-Main-14/DEBUG] [START] Reloading Section: "reloadable-plugin/FluidComparatorRegistryImpl/"
[00:01:33] [Worker-Main-14/DEBUG] [START] Reloading Section: "reloadable-plugin/FluidComparatorRegistryImpl/DefaultPlugin [roughlyenoughitems]/"
[00:01:33] [Worker-Main-14/DEBUG] [START] Reloading Section: "reloadable-plugin/FluidComparatorRegistryImpl/DefaultPlugin [roughlyenoughitems]/" done in 17.50 μs
[00:01:33] [Worker-Main-14/DEBUG] [START] Reloading Section: "reloadable-plugin/FluidComparatorRegistryImpl/FabricFluidAPISupportPlugin/"
[00:01:33] [Worker-Main-14/DEBUG] [START] Reloading Section: "reloadable-plugin/FluidComparatorRegistryImpl/FabricFluidAPISupportPlugin/" done in 8.500 μs
[00:01:33] [Worker-Main-14/DEBUG] [START] Reloading Section: "reloadable-plugin/FluidComparatorRegistryImpl/ConjuringCommonPlugin [conjuring]/"
[00:01:33] [Worker-Main-14/DEBUG] [START] Reloading Section: "reloadable-plugin/FluidComparatorRegistryImpl/ConjuringCommonPlugin [conjuring]/" done in 7.300 μs
[00:01:33] [Worker-Main-14/DEBUG] [START] Reloading Section: "reloadable-plugin/FluidComparatorRegistryImpl/DefaultRuntimePlugin [roughlyenoughitems]/"
[00:01:33] [Worker-Main-14/DEBUG] [START] Reloading Section: "reloadable-plugin/FluidComparatorRegistryImpl/DefaultRuntimePlugin [roughlyenoughitems]/" done in 7.100 μs
[00:01:33] [Worker-Main-14/DEBUG] [START] Reloading Section: "reloadable-plugin/FluidComparatorRegistryImpl/" done in 548.2 μs
[00:01:33] [Worker-Main-14/DEBUG] [START] Reloading Section: "reloadable-plugin/DisplaySerializerRegistryImpl/"
[00:01:33] [Worker-Main-14/DEBUG] [START] Reloading Section: "reloadable-plugin/DisplaySerializerRegistryImpl/DefaultPlugin [roughlyenoughitems]/"
[00:01:33] [Worker-Main-14/DEBUG] [START] Reloading Section: "reloadable-plugin/DisplaySerializerRegistryImpl/DefaultPlugin [roughlyenoughitems]/" done in 6.800 μs
[00:01:33] [Worker-Main-14/DEBUG] [START] Reloading Section: "reloadable-plugin/DisplaySerializerRegistryImpl/FabricFluidAPISupportPlugin/"
[00:01:33] [Worker-Main-14/DEBUG] [START] Reloading Section: "reloadable-plugin/DisplaySerializerRegistryImpl/FabricFluidAPISupportPlugin/" done in 7.000 μs
[00:01:33] [Worker-Main-14/DEBUG] [START] Reloading Section: "reloadable-plugin/DisplaySerializerRegistryImpl/ConjuringCommonPlugin [conjuring]/"
[00:01:33] [Worker-Main-14/DEBUG] [START] Reloading Section: "reloadable-plugin/DisplaySerializerRegistryImpl/ConjuringCommonPlugin [conjuring]/" done in 6.500 μs
[00:01:33] [Worker-Main-14/DEBUG] [START] Reloading Section: "reloadable-plugin/DisplaySerializerRegistryImpl/DefaultRuntimePlugin [roughlyenoughitems]/"
[00:01:33] [Worker-Main-14/DEBUG] [START] Reloading Section: "reloadable-plugin/DisplaySerializerRegistryImpl/DefaultRuntimePlugin [roughlyenoughitems]/" done in 6.700 μs
[00:01:33] [Worker-Main-14/DEBUG] [START] Reloading Section: "reloadable-plugin/DisplaySerializerRegistryImpl/" done in 480.8 μs
[00:01:33] [Worker-Main-14/DEBUG] [START] Reloading Section: "reloadable-plugin/FluidSupportProviderImpl/"
[00:01:33] [Worker-Main-14/DEBUG] [START] Reloading Section: "reloadable-plugin/FluidSupportProviderImpl/DefaultPlugin [roughlyenoughitems]/"
[00:01:33] [Worker-Main-14/DEBUG] [START] Reloading Section: "reloadable-plugin/FluidSupportProviderImpl/DefaultPlugin [roughlyenoughitems]/" done in 698.9 μs
[00:01:33] [Worker-Main-14/DEBUG] [START] Reloading Section: "reloadable-plugin/FluidSupportProviderImpl/FabricFluidAPISupportPlugin/"
[00:01:33] [Worker-Main-14/DEBUG] [START] Reloading Section: "reloadable-plugin/FluidSupportProviderImpl/FabricFluidAPISupportPlugin/" done in 185.4 μs
[00:01:33] [Worker-Main-14/DEBUG] [START] Reloading Section: "reloadable-plugin/FluidSupportProviderImpl/ConjuringCommonPlugin [conjuring]/"
[00:01:33] [Worker-Main-14/DEBUG] [START] Reloading Section: "reloadable-plugin/FluidSupportProviderImpl/ConjuringCommonPlugin [conjuring]/" done in 8.900 μs
[00:01:33] [Worker-Main-14/DEBUG] [START] Reloading Section: "reloadable-plugin/FluidSupportProviderImpl/DefaultRuntimePlugin [roughlyenoughitems]/"
[00:01:33] [Worker-Main-14/DEBUG] [START] Reloading Section: "reloadable-plugin/FluidSupportProviderImpl/DefaultRuntimePlugin [roughlyenoughitems]/" done in 7.400 μs
[00:01:33] [Worker-Main-14/DEBUG] [START] Reloading Section: "reloadable-plugin/FluidSupportProviderImpl/" done in 1.547 ms
[00:01:33] [Worker-Main-14/DEBUG] [START] Reloading Section: "end-reload/"
[00:01:33] [Worker-Main-14/DEBUG] [START] Reloading Section: "end-reload/EntryTypeRegistryImpl/"
[00:01:33] [Worker-Main-14/DEBUG] [START] Reloading Section: "end-reload/EntryTypeRegistryImpl/" done in 13.90 μs
[00:01:33] [Worker-Main-14/DEBUG] [START] Reloading Section: "end-reload/EntrySettingsAdapterRegistryImpl/"
[00:01:33] [Worker-Main-14/DEBUG] [START] Reloading Section: "end-reload/EntrySettingsAdapterRegistryImpl/" done in 6.900 μs
[00:01:33] [Worker-Main-14/DEBUG] [START] Reloading Section: "end-reload/RecipeManagerContextImpl/"
[00:01:33] [Worker-Main-14/DEBUG] [START] Reloading Section: "end-reload/RecipeManagerContextImpl/" done in 6.000 μs
[00:01:33] [Worker-Main-14/DEBUG] [START] Reloading Section: "end-reload/ItemComparatorRegistryImpl/"
[00:01:33] [Worker-Main-14/DEBUG] [START] Reloading Section: "end-reload/ItemComparatorRegistryImpl/" done in 9.800 μs
[00:01:33] [Worker-Main-14/DEBUG] [START] Reloading Section: "end-reload/FluidComparatorRegistryImpl/"
[00:01:33] [Worker-Main-14/DEBUG] [START] Reloading Section: "end-reload/FluidComparatorRegistryImpl/" done in 6.300 μs
[00:01:33] [Worker-Main-14/DEBUG] [START] Reloading Section: "end-reload/DisplaySerializerRegistryImpl/"
[00:01:33] [Worker-Main-14/DEBUG] [START] Reloading Section: "end-reload/DisplaySerializerRegistryImpl/" done in 6.900 μs
[00:01:33] [Worker-Main-14/DEBUG] [START] Reloading Section: "end-reload/FluidSupportProviderImpl/"
[00:01:33] [Worker-Main-14/DEBUG] [START] Reloading Section: "end-reload/FluidSupportProviderImpl/" done in 6.600 μs
[00:01:33] [Worker-Main-14/DEBUG] [START] Reloading Section: "end-reload/" done in 1.015 ms
[00:01:33] [Worker-Main-14/INFO] Reloaded Plugin Manager [REIPlugin] with 2 entry types, 5 item comparators, 0 fluid comparators and 2 fluid support providers in 46ms.
[00:01:33] [Worker-Main-14/DEBUG] [START] Reloading Section: "start-reload/"
[00:01:33] [Worker-Main-14/DEBUG] [START] Reloading Section: "start-reload/MenuInfoRegistryImpl/"
[00:01:33] [Worker-Main-14/DEBUG] [START] Reloading Section: "start-reload/MenuInfoRegistryImpl/" done in 13.60 μs
[00:01:33] [Worker-Main-14/DEBUG] [START] Reloading Section: "start-reload/" done in 204.3 μs
[00:01:33] [Worker-Main-14/INFO] Reloading Plugin Manager [REIServerPlugin] stage [START], registered 4 plugins: DefaultRuntimePlugin [roughlyenoughitems], ConjuringCommonPlugin [conjuring], FabricFluidAPISupportPlugin, DefaultPlugin [roughlyenoughitems]
[00:01:33] [Worker-Main-14/DEBUG] [START] Reloading Section: "reloadable-plugin/MenuInfoRegistryImpl/"
[00:01:33] [Worker-Main-14/DEBUG] [START] Reloading Section: "reloadable-plugin/MenuInfoRegistryImpl/DefaultPlugin [roughlyenoughitems]/"
[00:01:33] [Worker-Main-14/DEBUG] [START] Reloading Section: "reloadable-plugin/MenuInfoRegistryImpl/DefaultPlugin [roughlyenoughitems]/" done in 27.80 μs
[00:01:33] [Worker-Main-14/DEBUG] [START] Reloading Section: "reloadable-plugin/MenuInfoRegistryImpl/FabricFluidAPISupportPlugin/"
[00:01:33] [Worker-Main-14/DEBUG] [START] Reloading Section: "reloadable-plugin/MenuInfoRegistryImpl/FabricFluidAPISupportPlugin/" done in 8.000 μs
[00:01:33] [Worker-Main-14/DEBUG] [START] Reloading Section: "reloadable-plugin/MenuInfoRegistryImpl/ConjuringCommonPlugin [conjuring]/"
[00:01:33] [Worker-Main-14/DEBUG] [START] Reloading Section: "reloadable-plugin/MenuInfoRegistryImpl/ConjuringCommonPlugin [conjuring]/" done in 6.500 μs
[00:01:33] [Worker-Main-14/DEBUG] [START] Reloading Section: "reloadable-plugin/MenuInfoRegistryImpl/DefaultRuntimePlugin [roughlyenoughitems]/"
[00:01:33] [Worker-Main-14/DEBUG] [START] Reloading Section: "reloadable-plugin/MenuInfoRegistryImpl/DefaultRuntimePlugin [roughlyenoughitems]/" done in 7.000 μs
[00:01:33] [Worker-Main-14/DEBUG] [START] Reloading Section: "reloadable-plugin/MenuInfoRegistryImpl/" done in 712.6 μs
[00:01:33] [Worker-Main-14/DEBUG] [START] Reloading Section: "end-reload/"
[00:01:33] [Worker-Main-14/DEBUG] [START] Reloading Section: "end-reload/MenuInfoRegistryImpl/"
[00:01:33] [Worker-Main-14/DEBUG] [START] Reloading Section: "end-reload/MenuInfoRegistryImpl/" done in 7.400 μs
[00:01:33] [Worker-Main-14/DEBUG] [START] Reloading Section: "end-reload/" done in 101.2 μs
[00:01:33] [Worker-Main-14/INFO] Reloaded Plugin Manager [REIServerPlugin] with 0 menu infos in 49ms.
[00:01:33] [Worker-Main-14/DEBUG] [START] Reloading Section: "post-register/"
[00:01:33] [Worker-Main-14/DEBUG] [START] Reloading Section: "post-register/DefaultPlugin [roughlyenoughitems]/"
[00:01:33] [Worker-Main-14/DEBUG] [START] Reloading Section: "post-register/DefaultPlugin [roughlyenoughitems]/" done in 21.40 μs
[00:01:33] [Worker-Main-14/DEBUG] [START] Reloading Section: "post-register/FabricFluidAPISupportPlugin/"
[00:01:33] [Worker-Main-14/DEBUG] [START] Reloading Section: "post-register/FabricFluidAPISupportPlugin/" done in 6.700 μs
[00:01:33] [Worker-Main-14/DEBUG] [START] Reloading Section: "post-register/ConjuringCommonPlugin [conjuring]/"
[00:01:33] [Worker-Main-14/DEBUG] [START] Reloading Section: "post-register/ConjuringCommonPlugin [conjuring]/" done in 6.600 μs
[00:01:33] [Worker-Main-14/DEBUG] [START] Reloading Section: "post-register/DefaultRuntimePlugin [roughlyenoughitems]/"
[00:01:33] [Worker-Main-14/DEBUG] [START] Reloading Section: "post-register/DefaultRuntimePlugin [roughlyenoughitems]/" done in 6.700 μs
[00:01:33] [Worker-Main-14/DEBUG] [START] Reloading Section: "post-register/" done in 955.4 μs
[00:01:33] [Worker-Main-14/DEBUG] [START] Reloading Section: "post-register/"
[00:01:33] [Worker-Main-14/DEBUG] [START] Reloading Section: "post-register/DefaultPlugin [roughlyenoughitems]/"
[00:01:33] [Worker-Main-14/DEBUG] [START] Reloading Section: "post-register/DefaultPlugin [roughlyenoughitems]/" done in 6.700 μs
[00:01:33] [Worker-Main-14/DEBUG] [START] Reloading Section: "post-register/FabricFluidAPISupportPlugin/"
[00:01:33] [Worker-Main-14/DEBUG] [START] Reloading Section: "post-register/FabricFluidAPISupportPlugin/" done in 6.500 μs
[00:01:33] [Worker-Main-14/DEBUG] [START] Reloading Section: "post-register/ConjuringCommonPlugin [conjuring]/"
[00:01:33] [Worker-Main-14/DEBUG] [START] Reloading Section: "post-register/ConjuringCommonPlugin [conjuring]/" done in 6.200 μs
[00:01:33] [Worker-Main-14/DEBUG] [START] Reloading Section: "post-register/DefaultRuntimePlugin [roughlyenoughitems]/"
[00:01:33] [Worker-Main-14/DEBUG] [START] Reloading Section: "post-register/DefaultRuntimePlugin [roughlyenoughitems]/" done in 6.100 μs
[00:01:33] [Worker-Main-14/DEBUG] [START] Reloading Section: "post-register/" done in 462.1 μs
[00:01:33] [Worker-Main-14/DEBUG] [END] Reloading Section: "pre-register/"
[00:01:33] [Worker-Main-14/DEBUG] [END] Reloading Section: "pre-register/DefaultPlugin [roughlyenoughitems]/"
[00:01:33] [Worker-Main-14/DEBUG] [END] Reloading Section: "pre-register/DefaultPlugin [roughlyenoughitems]/" done in 6.500 μs
[00:01:33] [Worker-Main-14/DEBUG] [END] Reloading Section: "pre-register/FabricFluidAPISupportPlugin/"
[00:01:33] [Worker-Main-14/DEBUG] [END] Reloading Section: "pre-register/FabricFluidAPISupportPlugin/" done in 5.900 μs
[00:01:33] [Worker-Main-14/DEBUG] [END] Reloading Section: "pre-register/ConjuringCommonPlugin [conjuring]/"
[00:01:33] [Worker-Main-14/DEBUG] [END] Reloading Section: "pre-register/ConjuringCommonPlugin [conjuring]/" done in 10.70 μs
[00:01:33] [Worker-Main-14/DEBUG] [END] Reloading Section: "pre-register/DefaultRuntimePlugin [roughlyenoughitems]/"
[00:01:33] [Worker-Main-14/DEBUG] [END] Reloading Section: "pre-register/DefaultRuntimePlugin [roughlyenoughitems]/" done in 6.300 μs
[00:01:33] [Worker-Main-14/DEBUG] [END] Reloading Section: "pre-register/" done in 443.5 μs
[00:01:33] [Worker-Main-14/DEBUG] [END] Reloading Section: "pre-register/"
[00:01:33] [Worker-Main-14/DEBUG] [END] Reloading Section: "pre-register/DefaultPlugin [roughlyenoughitems]/"
[00:01:33] [Worker-Main-14/DEBUG] [END] Reloading Section: "pre-register/DefaultPlugin [roughlyenoughitems]/" done in 6.000 μs
[00:01:33] [Worker-Main-14/DEBUG] [END] Reloading Section: "pre-register/FabricFluidAPISupportPlugin/"
[00:01:33] [Worker-Main-14/DEBUG] [END] Reloading Section: "pre-register/FabricFluidAPISupportPlugin/" done in 5.600 μs
[00:01:33] [Worker-Main-14/DEBUG] [END] Reloading Section: "pre-register/ConjuringCommonPlugin [conjuring]/"
[00:01:33] [Worker-Main-14/DEBUG] [END] Reloading Section: "pre-register/ConjuringCommonPlugin [conjuring]/" done in 5.800 μs
[00:01:33] [Worker-Main-14/DEBUG] [END] Reloading Section: "pre-register/DefaultRuntimePlugin [roughlyenoughitems]/"
[00:01:33] [Worker-Main-14/DEBUG] [END] Reloading Section: "pre-register/DefaultRuntimePlugin [roughlyenoughitems]/" done in 5.700 μs
[00:01:33] [Worker-Main-14/DEBUG] [END] Reloading Section: "pre-register/" done in 414.1 μs
[00:01:33] [Worker-Main-14/DEBUG] [END] Reloading Section: "start-reload/"
[00:01:33] [Worker-Main-14/DEBUG] [END] Reloading Section: "start-reload/EntryTypeRegistryImpl/"
[00:01:33] [Worker-Main-14/DEBUG] [END] Reloading Section: "start-reload/EntryTypeRegistryImpl/" done in 6.800 μs
[00:01:33] [Worker-Main-14/DEBUG] [END] Reloading Section: "start-reload/EntrySettingsAdapterRegistryImpl/"
[00:01:33] [Worker-Main-14/DEBUG] [END] Reloading Section: "start-reload/EntrySettingsAdapterRegistryImpl/" done in 20.10 μs
[00:01:33] [Worker-Main-14/DEBUG] [END] Reloading Section: "start-reload/RecipeManagerContextImpl/"
[00:01:33] [Worker-Main-14/DEBUG] [END] Reloading Section: "start-reload/RecipeManagerContextImpl/" done in 7.100 μs
[00:01:33] [Worker-Main-14/DEBUG] [END] Reloading Section: "start-reload/ItemComparatorRegistryImpl/"
[00:01:33] [Worker-Main-14/DEBUG] [END] Reloading Section: "start-reload/ItemComparatorRegistryImpl/" done in 5.500 μs
[00:01:33] [Worker-Main-14/DEBUG] [END] Reloading Section: "start-reload/FluidComparatorRegistryImpl/"
[00:01:33] [Worker-Main-14/DEBUG] [END] Reloading Section: "start-reload/FluidComparatorRegistryImpl/" done in 5.600 μs
[00:01:33] [Worker-Main-14/DEBUG] [END] Reloading Section: "start-reload/DisplaySerializerRegistryImpl/"
[00:01:33] [Worker-Main-14/DEBUG] [END] Reloading Section: "start-reload/DisplaySerializerRegistryImpl/" done in 12.30 μs
[00:01:33] [Worker-Main-14/DEBUG] [END] Reloading Section: "start-reload/FluidSupportProviderImpl/"
[00:01:33] [Worker-Main-14/DEBUG] [END] Reloading Section: "start-reload/FluidSupportProviderImpl/" done in 5.700 μs
[00:01:33] [Worker-Main-14/DEBUG] [END] Reloading Section: "start-reload/" done in 804.7 μs
[00:01:33] [Worker-Main-14/INFO] Reloading Plugin Manager [REIPlugin] stage [END], registered 4 plugins: DefaultRuntimePlugin [roughlyenoughitems], ConjuringCommonPlugin [conjuring], FabricFluidAPISupportPlugin, DefaultPlugin [roughlyenoughitems]
[00:01:33] [Worker-Main-14/DEBUG] [END] Reloading Section: "reloadable-plugin/EntryTypeRegistryImpl/"
[00:01:33] [Worker-Main-14/DEBUG] [END] Reloading Section: "reloadable-plugin/EntryTypeRegistryImpl/DefaultPlugin [roughlyenoughitems]/"
[00:01:33] [Worker-Main-14/DEBUG] [END] Reloading Section: "reloadable-plugin/EntryTypeRegistryImpl/DefaultPlugin [roughlyenoughitems]/" done in 18.90 μs
[00:01:33] [Worker-Main-14/DEBUG] [END] Reloading Section: "reloadable-plugin/EntryTypeRegistryImpl/FabricFluidAPISupportPlugin/"
[00:01:33] [Worker-Main-14/DEBUG] [END] Reloading Section: "reloadable-plugin/EntryTypeRegistryImpl/FabricFluidAPISupportPlugin/" done in 6.700 μs
[00:01:33] [Worker-Main-14/DEBUG] [END] Reloading Section: "reloadable-plugin/EntryTypeRegistryImpl/ConjuringCommonPlugin [conjuring]/"
[00:01:33] [Worker-Main-14/DEBUG] [END] Reloading Section: "reloadable-plugin/EntryTypeRegistryImpl/ConjuringCommonPlugin [conjuring]/" done in 5.700 μs
[00:01:33] [Worker-Main-14/DEBUG] [END] Reloading Section: "reloadable-plugin/EntryTypeRegistryImpl/DefaultRuntimePlugin [roughlyenoughitems]/"
[00:01:33] [Worker-Main-14/DEBUG] [END] Reloading Section: "reloadable-plugin/EntryTypeRegistryImpl/DefaultRuntimePlugin [roughlyenoughitems]/" done in 5.400 μs
[00:01:33] [Worker-Main-14/DEBUG] [END] Reloading Section: "reloadable-plugin/EntryTypeRegistryImpl/" done in 527.8 μs
[00:01:33] [Worker-Main-14/DEBUG] [END] Reloading Section: "reloadable-plugin/EntrySettingsAdapterRegistryImpl/"
[00:01:33] [Worker-Main-14/DEBUG] [END] Reloading Section: "reloadable-plugin/EntrySettingsAdapterRegistryImpl/DefaultPlugin [roughlyenoughitems]/"
[00:01:33] [Worker-Main-14/DEBUG] [END] Reloading Section: "reloadable-plugin/EntrySettingsAdapterRegistryImpl/DefaultPlugin [roughlyenoughitems]/" done in 19.00 μs
[00:01:33] [Worker-Main-14/DEBUG] [END] Reloading Section: "reloadable-plugin/EntrySettingsAdapterRegistryImpl/FabricFluidAPISupportPlugin/"
[00:01:33] [Worker-Main-14/DEBUG] [END] Reloading Section: "reloadable-plugin/EntrySettingsAdapterRegistryImpl/FabricFluidAPISupportPlugin/" done in 6.300 μs
[00:01:33] [Worker-Main-14/DEBUG] [END] Reloading Section: "reloadable-plugin/EntrySettingsAdapterRegistryImpl/ConjuringCommonPlugin [conjuring]/"
[00:01:33] [Worker-Main-14/DEBUG] [END] Reloading Section: "reloadable-plugin/EntrySettingsAdapterRegistryImpl/ConjuringCommonPlugin [conjuring]/" done in 5.700 μs
[00:01:33] [Worker-Main-14/DEBUG] [END] Reloading Section: "reloadable-plugin/EntrySettingsAdapterRegistryImpl/DefaultRuntimePlugin [roughlyenoughitems]/"
[00:01:33] [Worker-Main-14/DEBUG] [END] Reloading Section: "reloadable-plugin/EntrySettingsAdapterRegistryImpl/DefaultRuntimePlugin [roughlyenoughitems]/" done in 6.100 μs
[00:01:33] [Worker-Main-14/DEBUG] [END] Reloading Section: "reloadable-plugin/EntrySettingsAdapterRegistryImpl/" done in 414.7 μs
[00:01:33] [Worker-Main-14/DEBUG] [END] Reloading Section: "reloadable-plugin/RecipeManagerContextImpl/"
[00:01:33] [Worker-Main-14/DEBUG] [END] Reloading Section: "reloadable-plugin/RecipeManagerContextImpl/DefaultPlugin [roughlyenoughitems]/"
[00:01:33] [Worker-Main-14/DEBUG] [END] Reloading Section: "reloadable-plugin/RecipeManagerContextImpl/DefaultPlugin [roughlyenoughitems]/" done in 7.200 μs
[00:01:33] [Worker-Main-14/DEBUG] [END] Reloading Section: "reloadable-plugin/RecipeManagerContextImpl/FabricFluidAPISupportPlugin/"
[00:01:33] [Worker-Main-14/DEBUG] [END] Reloading Section: "reloadable-plugin/RecipeManagerContextImpl/FabricFluidAPISupportPlugin/" done in 5.700 μs
[00:01:33] [Worker-Main-14/DEBUG] [END] Reloading Section: "reloadable-plugin/RecipeManagerContextImpl/ConjuringCommonPlugin [conjuring]/"
[00:01:33] [Worker-Main-14/DEBUG] [END] Reloading Section: "reloadable-plugin/RecipeManagerContextImpl/ConjuringCommonPlugin [conjuring]/" done in 5.600 μs
[00:01:33] [Worker-Main-14/DEBUG] [END] Reloading Section: "reloadable-plugin/RecipeManagerContextImpl/DefaultRuntimePlugin [roughlyenoughitems]/"
[00:01:33] [Worker-Main-14/DEBUG] [END] Reloading Section: "reloadable-plugin/RecipeManagerContextImpl/DefaultRuntimePlugin [roughlyenoughitems]/" done in 5.900 μs
[00:01:33] [Worker-Main-14/DEBUG] [END] Reloading Section: "reloadable-plugin/RecipeManagerContextImpl/" done in 695.9 μs
[00:01:33] [Worker-Main-14/DEBUG] [END] Reloading Section: "reloadable-plugin/ItemComparatorRegistryImpl/"
[00:01:33] [Worker-Main-14/DEBUG] [END] Reloading Section: "reloadable-plugin/ItemComparatorRegistryImpl/DefaultPlugin [roughlyenoughitems]/"
[00:01:33] [Worker-Main-14/DEBUG] [END] Reloading Section: "reloadable-plugin/ItemComparatorRegistryImpl/DefaultPlugin [roughlyenoughitems]/" done in 7.500 μs
[00:01:33] [Worker-Main-14/DEBUG] [END] Reloading Section: "reloadable-plugin/ItemComparatorRegistryImpl/FabricFluidAPISupportPlugin/"
[00:01:33] [Worker-Main-14/DEBUG] [END] Reloading Section: "reloadable-plugin/ItemComparatorRegistryImpl/FabricFluidAPISupportPlugin/" done in 6.400 μs
[00:01:33] [Worker-Main-14/DEBUG] [END] Reloading Section: "reloadable-plugin/ItemComparatorRegistryImpl/ConjuringCommonPlugin [conjuring]/"
[00:01:33] [Worker-Main-14/DEBUG] [END] Reloading Section: "reloadable-plugin/ItemComparatorRegistryImpl/ConjuringCommonPlugin [conjuring]/" done in 8.400 μs
[00:01:33] [Worker-Main-14/DEBUG] [END] Reloading Section: "reloadable-plugin/ItemComparatorRegistryImpl/DefaultRuntimePlugin [roughlyenoughitems]/"
[00:01:33] [Worker-Main-14/DEBUG] [END] Reloading Section: "reloadable-plugin/ItemComparatorRegistryImpl/DefaultRuntimePlugin [roughlyenoughitems]/" done in 6.600 μs
[00:01:33] [Worker-Main-14/DEBUG] [END] Reloading Section: "reloadable-plugin/ItemComparatorRegistryImpl/" done in 407.4 μs
[00:01:33] [Worker-Main-14/DEBUG] [END] Reloading Section: "reloadable-plugin/FluidComparatorRegistryImpl/"
[00:01:33] [Worker-Main-14/DEBUG] [END] Reloading Section: "reloadable-plugin/FluidComparatorRegistryImpl/DefaultPlugin [roughlyenoughitems]/"
[00:01:33] [Worker-Main-14/DEBUG] [END] Reloading Section: "reloadable-plugin/FluidComparatorRegistryImpl/DefaultPlugin [roughlyenoughitems]/" done in 7.600 μs
[00:01:33] [Worker-Main-14/DEBUG] [END] Reloading Section: "reloadable-plugin/FluidComparatorRegistryImpl/FabricFluidAPISupportPlugin/"
[00:01:33] [Worker-Main-14/DEBUG] [END] Reloading Section: "reloadable-plugin/FluidComparatorRegistryImpl/FabricFluidAPISupportPlugin/" done in 6.100 μs
[00:01:33] [Worker-Main-14/DEBUG] [END] Reloading Section: "reloadable-plugin/FluidComparatorRegistryImpl/ConjuringCommonPlugin [conjuring]/"
[00:01:33] [Worker-Main-14/DEBUG] [END] Reloading Section: "reloadable-plugin/FluidComparatorRegistryImpl/ConjuringCommonPlugin [conjuring]/" done in 9.700 μs
[00:01:33] [Worker-Main-14/DEBUG] [END] Reloading Section: "reloadable-plugin/FluidComparatorRegistryImpl/DefaultRuntimePlugin [roughlyenoughitems]/"
[00:01:33] [Worker-Main-14/DEBUG] [END] Reloading Section: "reloadable-plugin/FluidComparatorRegistryImpl/DefaultRuntimePlugin [roughlyenoughitems]/" done in 6.700 μs
[00:01:33] [Worker-Main-14/DEBUG] [END] Reloading Section: "reloadable-plugin/FluidComparatorRegistryImpl/" done in 663.6 μs
[00:01:33] [Worker-Main-14/DEBUG] [END] Reloading Section: "reloadable-plugin/DisplaySerializerRegistryImpl/"
[00:01:33] [Worker-Main-14/DEBUG] [END] Reloading Section: "reloadable-plugin/DisplaySerializerRegistryImpl/DefaultPlugin [roughlyenoughitems]/"
[00:01:33] [Worker-Main-14/DEBUG] [END] Reloading Section: "reloadable-plugin/DisplaySerializerRegistryImpl/DefaultPlugin [roughlyenoughitems]/" done in 73.19 ms
[00:01:33] [Worker-Main-14/DEBUG] [END] Reloading Section: "reloadable-plugin/DisplaySerializerRegistryImpl/FabricFluidAPISupportPlugin/"
[00:01:33] [Worker-Main-14/DEBUG] [END] Reloading Section: "reloadable-plugin/DisplaySerializerRegistryImpl/FabricFluidAPISupportPlugin/" done in 18.50 μs
[00:01:33] [Worker-Main-14/DEBUG] [END] Reloading Section: "reloadable-plugin/DisplaySerializerRegistryImpl/ConjuringCommonPlugin [conjuring]/"
[00:01:33] [Worker-Main-14/DEBUG] [END] Reloading Section: "reloadable-plugin/DisplaySerializerRegistryImpl/ConjuringCommonPlugin [conjuring]/" done in 506.9 μs
[00:01:33] [Worker-Main-14/DEBUG] [END] Reloading Section: "reloadable-plugin/DisplaySerializerRegistryImpl/DefaultRuntimePlugin [roughlyenoughitems]/"
[00:01:33] [Worker-Main-14/DEBUG] [END] Reloading Section: "reloadable-plugin/DisplaySerializerRegistryImpl/DefaultRuntimePlugin [roughlyenoughitems]/" done in 13.40 μs
[00:01:33] [Worker-Main-14/DEBUG] [END] Reloading Section: "reloadable-plugin/DisplaySerializerRegistryImpl/" done in 74.51 ms
[00:01:33] [Worker-Main-14/DEBUG] [END] Reloading Section: "reloadable-plugin/FluidSupportProviderImpl/"
[00:01:33] [Worker-Main-14/DEBUG] [END] Reloading Section: "reloadable-plugin/FluidSupportProviderImpl/DefaultPlugin [roughlyenoughitems]/"
[00:01:33] [Worker-Main-14/DEBUG] [END] Reloading Section: "reloadable-plugin/FluidSupportProviderImpl/DefaultPlugin [roughlyenoughitems]/" done in 7.100 μs
[00:01:33] [Worker-Main-14/DEBUG] [END] Reloading Section: "reloadable-plugin/FluidSupportProviderImpl/FabricFluidAPISupportPlugin/"
[00:01:33] [Worker-Main-14/DEBUG] [END] Reloading Section: "reloadable-plugin/FluidSupportProviderImpl/FabricFluidAPISupportPlugin/" done in 9.500 μs
[00:01:33] [Worker-Main-14/DEBUG] [END] Reloading Section: "reloadable-plugin/FluidSupportProviderImpl/ConjuringCommonPlugin [conjuring]/"
[00:01:33] [Worker-Main-14/DEBUG] [END] Reloading Section: "reloadable-plugin/FluidSupportProviderImpl/ConjuringCommonPlugin [conjuring]/" done in 5.800 μs
[00:01:33] [Worker-Main-14/DEBUG] [END] Reloading Section: "reloadable-plugin/FluidSupportProviderImpl/DefaultRuntimePlugin [roughlyenoughitems]/"
[00:01:33] [Worker-Main-14/DEBUG] [END] Reloading Section: "reloadable-plugin/FluidSupportProviderImpl/DefaultRuntimePlugin [roughlyenoughitems]/" done in 5.600 μs
[00:01:33] [Worker-Main-14/DEBUG] [END] Reloading Section: "reloadable-plugin/FluidSupportProviderImpl/" done in 374.9 μs
[00:01:33] [Worker-Main-14/DEBUG] [END] Reloading Section: "end-reload/"
[00:01:33] [Worker-Main-14/DEBUG] [END] Reloading Section: "end-reload/EntryTypeRegistryImpl/"
[00:01:33] [Worker-Main-14/DEBUG] [END] Reloading Section: "end-reload/EntryTypeRegistryImpl/" done in 7.000 μs
[00:01:33] [Worker-Main-14/DEBUG] [END] Reloading Section: "end-reload/EntrySettingsAdapterRegistryImpl/"
[00:01:33] [Worker-Main-14/DEBUG] [END] Reloading Section: "end-reload/EntrySettingsAdapterRegistryImpl/" done in 6.400 μs
[00:01:33] [Worker-Main-14/DEBUG] [END] Reloading Section: "end-reload/RecipeManagerContextImpl/"
[00:01:33] [Worker-Main-14/DEBUG] [END] Reloading Section: "end-reload/RecipeManagerContextImpl/" done in 5.800 μs
[00:01:33] [Worker-Main-14/DEBUG] [END] Reloading Section: "end-reload/ItemComparatorRegistryImpl/"
[00:01:33] [Worker-Main-14/DEBUG] [END] Reloading Section: "end-reload/ItemComparatorRegistryImpl/" done in 5.800 μs
[00:01:33] [Worker-Main-14/DEBUG] [END] Reloading Section: "end-reload/FluidComparatorRegistryImpl/"
[00:01:33] [Worker-Main-14/DEBUG] [END] Reloading Section: "end-reload/FluidComparatorRegistryImpl/" done in 6.500 μs
[00:01:33] [Worker-Main-14/DEBUG] [END] Reloading Section: "end-reload/DisplaySerializerRegistryImpl/"
[00:01:33] [Worker-Main-14/DEBUG] [END] Reloading Section: "end-reload/DisplaySerializerRegistryImpl/" done in 5.500 μs
[00:01:33] [Worker-Main-14/DEBUG] [END] Reloading Section: "end-reload/FluidSupportProviderImpl/"
[00:01:33] [Worker-Main-14/DEBUG] [END] Reloading Section: "end-reload/FluidSupportProviderImpl/" done in 5.400 μs
[00:01:33] [Worker-Main-14/DEBUG] [END] Reloading Section: "end-reload/" done in 3.148 ms
[00:01:33] [Worker-Main-14/INFO] Reloaded Plugin Manager [REIPlugin] with 2 entry types, 5 item comparators, 0 fluid comparators and 2 fluid support providers in 93ms.
[00:01:33] [Worker-Main-14/DEBUG] [END] Reloading Section: "start-reload/"
[00:01:33] [Worker-Main-14/DEBUG] [END] Reloading Section: "start-reload/MenuInfoRegistryImpl/"
[00:01:33] [Worker-Main-14/DEBUG] [END] Reloading Section: "start-reload/MenuInfoRegistryImpl/" done in 28.50 μs
[00:01:33] [Worker-Main-14/DEBUG] [END] Reloading Section: "start-reload/" done in 183.3 μs
[00:01:33] [Worker-Main-14/INFO] Reloading Plugin Manager [REIServerPlugin] stage [END], registered 4 plugins: DefaultRuntimePlugin [roughlyenoughitems], ConjuringCommonPlugin [conjuring], FabricFluidAPISupportPlugin, DefaultPlugin [roughlyenoughitems]
[00:01:33] [Worker-Main-14/DEBUG] [END] Reloading Section: "reloadable-plugin/MenuInfoRegistryImpl/"
[00:01:33] [Worker-Main-14/DEBUG] [END] Reloading Section: "reloadable-plugin/MenuInfoRegistryImpl/DefaultPlugin [roughlyenoughitems]/"
[00:01:33] [Worker-Main-14/DEBUG] [END] Reloading Section: "reloadable-plugin/MenuInfoRegistryImpl/DefaultPlugin [roughlyenoughitems]/" done in 4.752 ms
[00:01:33] [Worker-Main-14/DEBUG] [END] Reloading Section: "reloadable-plugin/MenuInfoRegistryImpl/FabricFluidAPISupportPlugin/"
[00:01:33] [Worker-Main-14/DEBUG] [END] Reloading Section: "reloadable-plugin/MenuInfoRegistryImpl/FabricFluidAPISupportPlugin/" done in 15.50 μs
[00:01:33] [Worker-Main-14/DEBUG] [END] Reloading Section: "reloadable-plugin/MenuInfoRegistryImpl/ConjuringCommonPlugin [conjuring]/"
[00:01:33] [Worker-Main-14/DEBUG] [END] Reloading Section: "reloadable-plugin/MenuInfoRegistryImpl/ConjuringCommonPlugin [conjuring]/" done in 888.8 μs
[00:01:33] [Worker-Main-14/DEBUG] [END] Reloading Section: "reloadable-plugin/MenuInfoRegistryImpl/DefaultRuntimePlugin [roughlyenoughitems]/"
[00:01:33] [Worker-Main-14/DEBUG] [END] Reloading Section: "reloadable-plugin/MenuInfoRegistryImpl/DefaultRuntimePlugin [roughlyenoughitems]/" done in 7.800 μs
[00:01:33] [Worker-Main-14/DEBUG] [END] Reloading Section: "reloadable-plugin/MenuInfoRegistryImpl/" done in 6.232 ms
[00:01:33] [Worker-Main-14/DEBUG] [END] Reloading Section: "end-reload/"
[00:01:33] [Worker-Main-14/DEBUG] [END] Reloading Section: "end-reload/MenuInfoRegistryImpl/"
[00:01:33] [Worker-Main-14/DEBUG] [END] Reloading Section: "end-reload/MenuInfoRegistryImpl/" done in 7.100 μs
[00:01:33] [Worker-Main-14/DEBUG] [END] Reloading Section: "end-reload/" done in 74.90 μs
[00:01:33] [Worker-Main-14/INFO] Reloaded Plugin Manager [REIServerPlugin] with 5 menu infos in 21ms.
[00:01:33] [Worker-Main-14/DEBUG] [END] Reloading Section: "post-register/"
[00:01:33] [Worker-Main-14/DEBUG] [END] Reloading Section: "post-register/DefaultPlugin [roughlyenoughitems]/"
[00:01:33] [Worker-Main-14/DEBUG] [END] Reloading Section: "post-register/DefaultPlugin [roughlyenoughitems]/" done in 10.00 μs
[00:01:33] [Worker-Main-14/DEBUG] [END] Reloading Section: "post-register/FabricFluidAPISupportPlugin/"
[00:01:33] [Worker-Main-14/DEBUG] [END] Reloading Section: "post-register/FabricFluidAPISupportPlugin/" done in 7.600 μs
[00:01:33] [Worker-Main-14/DEBUG] [END] Reloading Section: "post-register/ConjuringCommonPlugin [conjuring]/"
[00:01:33] [Worker-Main-14/DEBUG] [END] Reloading Section: "post-register/ConjuringCommonPlugin [conjuring]/" done in 5.600 μs
[00:01:33] [Worker-Main-14/DEBUG] [END] Reloading Section: "post-register/DefaultRuntimePlugin [roughlyenoughitems]/"
[00:01:33] [Worker-Main-14/DEBUG] [END] Reloading Section: "post-register/DefaultRuntimePlugin [roughlyenoughitems]/" done in 5.100 μs
[00:01:33] [Worker-Main-14/DEBUG] [END] Reloading Section: "post-register/" done in 349.8 μs
[00:01:33] [Worker-Main-14/DEBUG] [END] Reloading Section: "post-register/"
[00:01:33] [Worker-Main-14/DEBUG] [END] Reloading Section: "post-register/DefaultPlugin [roughlyenoughitems]/"
[00:01:33] [Worker-Main-14/DEBUG] [END] Reloading Section: "post-register/DefaultPlugin [roughlyenoughitems]/" done in 5.800 μs
[00:01:33] [Worker-Main-14/DEBUG] [END] Reloading Section: "post-register/FabricFluidAPISupportPlugin/"
[00:01:33] [Worker-Main-14/DEBUG] [END] Reloading Section: "post-register/FabricFluidAPISupportPlugin/" done in 5.600 μs
[00:01:33] [Worker-Main-14/DEBUG] [END] Reloading Section: "post-register/ConjuringCommonPlugin [conjuring]/"
[00:01:33] [Worker-Main-14/DEBUG] [END] Reloading Section: "post-register/ConjuringCommonPlugin [conjuring]/" done in 5.300 μs
[00:01:33] [Worker-Main-14/DEBUG] [END] Reloading Section: "post-register/DefaultRuntimePlugin [roughlyenoughitems]/"
[00:01:33] [Worker-Main-14/DEBUG] [END] Reloading Section: "post-register/DefaultRuntimePlugin [roughlyenoughitems]/" done in 8.700 μs
[00:01:33] [Worker-Main-14/DEBUG] [END] Reloading Section: "post-register/" done in 350.9 μs
